<?xml version="1.0" encoding="UTF-8"?>
<!-- Generated by org.testng.reporters.JUnitXMLReporter -->
<testsuite ignored="0" hostname="Aswins-MacBook-Air.local" failures="0" tests="5" name="Test" time="0.02" errors="0" timestamp="2024-04-12T23:19:36 BST">
  <testcase classname="Loan.HouseLoan.Example2" name="m3" time="0.003"/>
  <testcase classname="Loan.HouseLoan.Example2" name="m4" time="0.0"/>
  <testcase classname="Loan.HouseLoan.Example2" name="m5" time="0.001"/>
  <testcase classname="Loan.HouseLoan.Example2" name="m1" time="0.001"/>
  <testcase classname="Loan.HouseLoan.Example2" name="m2" time="0.001"/>
</testsuite> <!-- Test -->
