<?xml version="1.0" encoding="UTF-8"?>
<testng-results ignored="0" total="5" passed="5" failed="0" skipped="0">
  <reporter-output>
  </reporter-output>
  <suite started-at="2024-04-12T23:21:19 BST" name="Default suite" finished-at="2024-04-12T23:21:19 BST" duration-ms="22">
    <groups>
    </groups>
    <test started-at="2024-04-12T23:21:19 BST" name="Default test" finished-at="2024-04-12T23:21:19 BST" duration-ms="22">
      <class name="Loan.HouseLoan.Example2">
        <test-method signature="m3()[pri:0, instance:Loan.HouseLoan.Example2@50b5ac82]" started-at="2024-04-12T23:21:19 BST" name="m3" finished-at="2024-04-12T23:21:19 BST" duration-ms="3" status="PASS">
          <reporter-output>
          </reporter-output>
        </test-method> <!-- m3 -->
        <test-method signature="m4()[pri:0, instance:Loan.HouseLoan.Example2@50b5ac82]" started-at="2024-04-12T23:21:19 BST" name="m4" finished-at="2024-04-12T23:21:19 BST" duration-ms="1" status="PASS">
          <reporter-output>
          </reporter-output>
        </test-method> <!-- m4 -->
        <test-method signature="m5()[pri:0, instance:Loan.HouseLoan.Example2@50b5ac82]" started-at="2024-04-12T23:21:19 BST" name="m5" finished-at="2024-04-12T23:21:19 BST" duration-ms="0" status="PASS">
          <reporter-output>
          </reporter-output>
        </test-method> <!-- m5 -->
        <test-method signature="m1()[pri:0, instance:Loan.HouseLoan.Example2@50b5ac82]" started-at="2024-04-12T23:21:19 BST" name="m1" finished-at="2024-04-12T23:21:19 BST" duration-ms="0" status="PASS">
          <reporter-output>
          </reporter-output>
        </test-method> <!-- m1 -->
        <test-method signature="m2()[pri:0, instance:Loan.HouseLoan.Example2@50b5ac82]" started-at="2024-04-12T23:21:19 BST" name="m2" finished-at="2024-04-12T23:21:19 BST" depends-on-methods="Loan.HouseLoan.Example2.m4" duration-ms="0" status="PASS">
          <reporter-output>
          </reporter-output>
        </test-method> <!-- m2 -->
      </class> <!-- Loan.HouseLoan.Example2 -->
    </test> <!-- Default test -->
  </suite> <!-- Default suite -->
</testng-results>
